[1124/020959.680:ERROR:process_reader_win.cc(123)] NtOpenThread: {Acceso denegado} Un proceso ha solicitado acceso a un objeto, pero no se le han concedido esos derechos de acceso.  (0xc0000022)
[1124/020959.694:ERROR:exception_snapshot_win.cc(87)] thread ID 4732 not found in process
[1124/020959.694:WARNING:crash_report_exception_handler.cc(62)] ProcessSnapshotWin::Initialize failed
[1124/024050.343:ERROR:process_reader_win.cc(123)] NtOpenThread: {Acceso denegado} Un proceso ha solicitado acceso a un objeto, pero no se le han concedido esos derechos de acceso.  (0xc0000022)
[1124/024050.344:ERROR:exception_snapshot_win.cc(87)] thread ID 14180 not found in process
[1124/024050.344:WARNING:crash_report_exception_handler.cc(62)] ProcessSnapshotWin::Initialize failed
[1124/130628.933:ERROR:process_reader_win.cc(123)] NtOpenThread: {Acceso denegado} Un proceso ha solicitado acceso a un objeto, pero no se le han concedido esos derechos de acceso.  (0xc0000022)
[1124/130628.965:ERROR:exception_snapshot_win.cc(87)] thread ID 12712 not found in process
[1124/130628.965:WARNING:crash_report_exception_handler.cc(62)] ProcessSnapshotWin::Initialize failed
[1125/144106.822:ERROR:process_reader_win.cc(123)] NtOpenThread: {Acceso denegado} Un proceso ha solicitado acceso a un objeto, pero no se le han concedido esos derechos de acceso.  (0xc0000022)
[1125/144106.838:ERROR:exception_snapshot_win.cc(87)] thread ID 4428 not found in process
[1125/144106.838:WARNING:crash_report_exception_handler.cc(62)] ProcessSnapshotWin::Initialize failed
[1126/115138.583:ERROR:process_reader_win.cc(123)] NtOpenThread: {Acceso denegado} Un proceso ha solicitado acceso a un objeto, pero no se le han concedido esos derechos de acceso.  (0xc0000022)
[1126/115138.623:ERROR:exception_snapshot_win.cc(87)] thread ID 8152 not found in process
[1126/115138.623:WARNING:crash_report_exception_handler.cc(62)] ProcessSnapshotWin::Initialize failed
[1126/123011.421:ERROR:process_reader_win.cc(123)] NtOpenThread: {Acceso denegado} Un proceso ha solicitado acceso a un objeto, pero no se le han concedido esos derechos de acceso.  (0xc0000022)
[1126/123011.442:ERROR:exception_snapshot_win.cc(87)] thread ID 6560 not found in process
[1126/123011.442:WARNING:crash_report_exception_handler.cc(62)] ProcessSnapshotWin::Initialize failed
[1126/141758.706:ERROR:process_reader_win.cc(151)] SuspendThread: Acceso denegado. (0x5)
[1126/141758.715:ERROR:process_reader_win.cc(123)] NtOpenThread: {Acceso denegado} Un proceso ha solicitado acceso a un objeto, pero no se le han concedido esos derechos de acceso.  (0xc0000022)
[1126/141758.721:ERROR:exception_snapshot_win.cc(87)] thread ID 3908 not found in process
[1126/141758.721:ERROR:process_reader_win.cc(151)] SuspendThread: Acceso denegado. (0x5)
[1126/141758.721:WARNING:crash_report_exception_handler.cc(62)] ProcessSnapshotWin::Initialize failed
[1126/141758.721:ERROR:process_reader_win.cc(151)] SuspendThread: Acceso denegado. (0x5)
[1126/141758.721:ERROR:process_reader_win.cc(151)] SuspendThread: Acceso denegado. (0x5)
[1126/141758.721:ERROR:process_reader_win.cc(151)] SuspendThread: Acceso denegado. (0x5)
[1126/141758.721:ERROR:process_reader_win.cc(123)] NtOpenThread: {Acceso denegado} Un proceso ha solicitado acceso a un objeto, pero no se le han concedido esos derechos de acceso.  (0xc0000022)
[1126/141758.721:ERROR:exception_snapshot_win.cc(87)] thread ID 10848 not found in process
[1126/141758.721:WARNING:crash_report_exception_handler.cc(62)] ProcessSnapshotWin::Initialize failed
[1126/141819.215:ERROR:process_reader_win.cc(123)] NtOpenThread: {Acceso denegado} Un proceso ha solicitado acceso a un objeto, pero no se le han concedido esos derechos de acceso.  (0xc0000022)
[1126/141819.217:ERROR:exception_snapshot_win.cc(87)] thread ID 9196 not found in process
[1126/141819.217:WARNING:crash_report_exception_handler.cc(62)] ProcessSnapshotWin::Initialize failed
[1201/182020.607:ERROR:process_reader_win.cc(123)] NtOpenThread: {Acceso denegado} Un proceso ha solicitado acceso a un objeto, pero no se le han concedido esos derechos de acceso.  (0xc0000022)
[1201/182020.654:ERROR:exception_snapshot_win.cc(87)] thread ID 11188 not found in process
[1201/182020.654:WARNING:crash_report_exception_handler.cc(62)] ProcessSnapshotWin::Initialize failed
[1203/203353.135:ERROR:process_reader_win.cc(123)] NtOpenThread: {Acceso denegado} Un proceso ha solicitado acceso a un objeto, pero no se le han concedido esos derechos de acceso.  (0xc0000022)
[1203/203353.191:ERROR:exception_snapshot_win.cc(87)] thread ID 9096 not found in process
[1203/203353.191:WARNING:crash_report_exception_handler.cc(62)] ProcessSnapshotWin::Initialize failed
[1204/173939.362:ERROR:process_reader_win.cc(123)] NtOpenThread: {Acceso denegado} Un proceso ha solicitado acceso a un objeto, pero no se le han concedido esos derechos de acceso.  (0xc0000022)
[1204/173939.483:ERROR:exception_snapshot_win.cc(87)] thread ID 14280 not found in process
[1204/173939.483:WARNING:crash_report_exception_handler.cc(62)] ProcessSnapshotWin::Initialize failed
[0216/105111.421:ERROR:process_reader_win.cc(123)] NtOpenThread: {Acceso denegado} Un proceso ha solicitado acceso a un objeto, pero no se le han concedido esos derechos de acceso.  (0xc0000022)
[0216/105111.468:ERROR:exception_snapshot_win.cc(87)] thread ID 14436 not found in process
[0216/105111.468:WARNING:crash_report_exception_handler.cc(62)] ProcessSnapshotWin::Initialize failed
[0303/030838.938:ERROR:process_reader_win.cc(123)] NtOpenThread: {Acceso denegado} Un proceso ha solicitado acceso a un objeto, pero no se le han concedido esos derechos de acceso. (0xc0000022)
[0303/030838.969:ERROR:exception_snapshot_win.cc(88)] thread ID 4788 not found in process
[0303/030838.969:WARNING:crash_report_exception_handler.cc(62)] ProcessSnapshotWin::Initialize failed
[0307/123628.791:ERROR:process_reader_win.cc(123)] NtOpenThread: {Acceso denegado} Un proceso ha solicitado acceso a un objeto, pero no se le han concedido esos derechos de acceso. (0xc0000022)
[0307/123628.822:ERROR:exception_snapshot_win.cc(88)] thread ID 5776 not found in process
[0307/123628.822:WARNING:crash_report_exception_handler.cc(62)] ProcessSnapshotWin::Initialize failed
[0307/130228.724:ERROR:process_reader_win.cc(123)] NtOpenThread: {Acceso denegado} Un proceso ha solicitado acceso a un objeto, pero no se le han concedido esos derechos de acceso. (0xc0000022)
[0307/130228.724:ERROR:exception_snapshot_win.cc(88)] thread ID 13108 not found in process
[0307/130228.724:WARNING:crash_report_exception_handler.cc(62)] ProcessSnapshotWin::Initialize failed
[0307/210027.397:ERROR:process_reader_win.cc(123)] NtOpenThread: {Acceso denegado} Un proceso ha solicitado acceso a un objeto, pero no se le han concedido esos derechos de acceso. (0xc0000022)
[0307/210027.399:ERROR:exception_snapshot_win.cc(88)] thread ID 10728 not found in process
[0307/210027.399:WARNING:crash_report_exception_handler.cc(62)] ProcessSnapshotWin::Initialize failed
[0308/015114.450:ERROR:process_reader_win.cc(123)] NtOpenThread: {Acceso denegado} Un proceso ha solicitado acceso a un objeto, pero no se le han concedido esos derechos de acceso. (0xc0000022)
[0308/015114.481:ERROR:exception_snapshot_win.cc(88)] thread ID 10136 not found in process
[0308/015114.481:WARNING:crash_report_exception_handler.cc(62)] ProcessSnapshotWin::Initialize failed
[0308/235831.144:ERROR:process_reader_win.cc(123)] NtOpenThread: {Acceso denegado} Un proceso ha solicitado acceso a un objeto, pero no se le han concedido esos derechos de acceso. (0xc0000022)
[0308/235831.213:ERROR:exception_snapshot_win.cc(88)] thread ID 10152 not found in process
[0308/235831.213:WARNING:crash_report_exception_handler.cc(62)] ProcessSnapshotWin::Initialize failed
[0309/193903.470:ERROR:process_reader_win.cc(123)] NtOpenThread: {Acceso denegado} Un proceso ha solicitado acceso a un objeto, pero no se le han concedido esos derechos de acceso. (0xc0000022)
[0309/193903.498:ERROR:exception_snapshot_win.cc(88)] thread ID 12732 not found in process
[0309/193903.498:WARNING:crash_report_exception_handler.cc(62)] ProcessSnapshotWin::Initialize failed
[0310/024718.580:ERROR:process_reader_win.cc(123)] NtOpenThread: {Acceso denegado} Un proceso ha solicitado acceso a un objeto, pero no se le han concedido esos derechos de acceso. (0xc0000022)
[0310/024718.582:ERROR:exception_snapshot_win.cc(88)] thread ID 13364 not found in process
[0310/024718.582:WARNING:crash_report_exception_handler.cc(62)] ProcessSnapshotWin::Initialize failed
[0311/205527.137:ERROR:process_reader_win.cc(123)] NtOpenThread: {Acceso denegado} Un proceso ha solicitado acceso a un objeto, pero no se le han concedido esos derechos de acceso. (0xc0000022)
[0311/205527.165:ERROR:exception_snapshot_win.cc(88)] thread ID 10320 not found in process
[0311/205527.165:WARNING:crash_report_exception_handler.cc(62)] ProcessSnapshotWin::Initialize failed
[0311/214617.008:ERROR:process_reader_win.cc(123)] NtOpenThread: {Acceso denegado} Un proceso ha solicitado acceso a un objeto, pero no se le han concedido esos derechos de acceso. (0xc0000022)
[0311/214617.010:ERROR:exception_snapshot_win.cc(88)] thread ID 7488 not found in process
[0311/214617.011:WARNING:crash_report_exception_handler.cc(62)] ProcessSnapshotWin::Initialize failed
[0315/203849.219:ERROR:process_reader_win.cc(123)] NtOpenThread: {Acceso denegado} Un proceso ha solicitado acceso a un objeto, pero no se le han concedido esos derechos de acceso. (0xc0000022)
[0315/203849.251:ERROR:exception_snapshot_win.cc(88)] thread ID 660 not found in process
[0315/203849.251:WARNING:crash_report_exception_handler.cc(62)] ProcessSnapshotWin::Initialize failed
[0404/202119.223:ERROR:process_reader_win.cc(123)] NtOpenThread: {Acceso denegado} Un proceso ha solicitado acceso a un objeto, pero no se le han concedido esos derechos de acceso. (0xc0000022)
[0404/202119.254:ERROR:exception_snapshot_win.cc(88)] thread ID 14856 not found in process
[0404/202119.254:WARNING:crash_report_exception_handler.cc(62)] ProcessSnapshotWin::Initialize failed
[0404/213133.768:ERROR:process_reader_win.cc(123)] NtOpenThread: {Acceso denegado} Un proceso ha solicitado acceso a un objeto, pero no se le han concedido esos derechos de acceso. (0xc0000022)
[0404/213133.784:ERROR:exception_snapshot_win.cc(88)] thread ID 11336 not found in process
[0404/213133.784:WARNING:crash_report_exception_handler.cc(62)] ProcessSnapshotWin::Initialize failed
[0410/231351.950:ERROR:process_reader_win.cc(123)] NtOpenThread: {Acceso denegado} Un proceso ha solicitado acceso a un objeto, pero no se le han concedido esos derechos de acceso. (0xc0000022)
[0410/231351.991:ERROR:exception_snapshot_win.cc(88)] thread ID 712 not found in process
[0410/231351.991:WARNING:crash_report_exception_handler.cc(62)] ProcessSnapshotWin::Initialize failed
[0411/001905.122:ERROR:process_reader_win.cc(123)] NtOpenThread: {Acceso denegado} Un proceso ha solicitado acceso a un objeto, pero no se le han concedido esos derechos de acceso. (0xc0000022)
[0411/001905.137:ERROR:exception_snapshot_win.cc(88)] thread ID 12224 not found in process
[0411/001905.137:WARNING:crash_report_exception_handler.cc(62)] ProcessSnapshotWin::Initialize failed
[0416/152034.084:ERROR:process_reader_win.cc(123)] NtOpenThread: {Acceso denegado} Un proceso ha solicitado acceso a un objeto, pero no se le han concedido esos derechos de acceso. (0xc0000022)
[0416/152034.108:ERROR:exception_snapshot_win.cc(88)] thread ID 10980 not found in process
[0416/152034.108:WARNING:crash_report_exception_handler.cc(62)] ProcessSnapshotWin::Initialize failed
[0621/234435.494:ERROR:process_reader_win.cc(123)] NtOpenThread: {Acceso denegado} Un proceso ha solicitado acceso a un objeto, pero no se le han concedido esos derechos de acceso. (0xc0000022)
[0621/234435.570:ERROR:exception_snapshot_win.cc(88)] thread ID 16928 not found in process
[0623/000435.874:ERROR:process_reader_win.cc(123)] NtOpenThread: {Acceso denegado} Un proceso ha solicitado acceso a un objeto, pero no se le han concedido esos derechos de acceso. (0xc0000022)
[0623/000435.936:ERROR:exception_snapshot_win.cc(88)] thread ID 15796 not found in process
[0701/234048.675:ERROR:process_reader_win.cc(123)] NtOpenThread: {Acceso denegado} Un proceso ha solicitado acceso a un objeto, pero no se le han concedido esos derechos de acceso. (0xc0000022)
[0701/234048.724:ERROR:exception_snapshot_win.cc(88)] thread ID 12056 not found in process
[0702/233205.248:ERROR:process_reader_win.cc(123)] NtOpenThread: {Acceso denegado} Un proceso ha solicitado acceso a un objeto, pero no se le han concedido esos derechos de acceso. (0xc0000022)
[0702/233205.248:ERROR:exception_snapshot_win.cc(88)] thread ID 12076 not found in process
[0716/204452.578:ERROR:process_reader_win.cc(123)] NtOpenThread: {Acceso denegado} Un proceso ha solicitado acceso a un objeto, pero no se le han concedido esos derechos de acceso. (0xc0000022)
[0716/204452.625:ERROR:exception_snapshot_win.cc(88)] thread ID 1816 not found in process
[0718/004349.538:ERROR:process_reader_win.cc(123)] NtOpenThread: {Acceso denegado} Un proceso ha solicitado acceso a un objeto, pero no se le han concedido esos derechos de acceso. (0xc0000022)
[0718/004349.593:ERROR:exception_snapshot_win.cc(88)] thread ID 2544 not found in process
[0802/212548.999:ERROR:process_reader_win.cc(123)] NtOpenThread: {Acceso denegado} Un proceso ha solicitado acceso a un objeto, pero no se le han concedido esos derechos de acceso. (0xc0000022)
[0802/212549.043:ERROR:exception_snapshot_win.cc(88)] thread ID 18052 not found in process
